13-Feb-2018 14:09:52.362 SEVERE [http-nio-8080-exec-9] org.apache.catalina.core.StandardWrapperValve.invoke Servlet.service() for servlet [Faces Servlet] in context with path [/Tut4YouWebApp] threw exception [/WEB-INF/templates/header.xhtml @13,69 test="#{userBean.studentAuthenticated}" /WEB-INF/templates/header.xhtml @13,69 test="#{userBean.studentAuthenticated}": Error reading [studentAuthenticated] on type [tut4you.controller.UserBean$$OwbNormalScopeProxy0]] with root cause
 java.lang.IllegalStateException: Illegal access: this web application instance has been stopped already. Could not load [com.mysql.cj.jdbc.result.ResultSetMetaData]. The following stack trace is thrown for debugging purposes as well as to attempt to terminate the thread which caused the illegal access.
	at org.apache.catalina.loader.WebappClassLoaderBase.checkStateForResourceLoading(WebappClassLoaderBase.java:1305)
	at org.apache.catalina.loader.WebappClassLoaderBase.checkStateForClassLoading(WebappClassLoaderBase.java:1293)
	at org.apache.catalina.loader.WebappClassLoaderBase.loadClass(WebappClassLoaderBase.java:1158)
	at org.apache.tomee.catalina.TomEEWebappClassLoader.loadClass(TomEEWebappClassLoader.java:208)
	at org.apache.catalina.loader.WebappClassLoaderBase.loadClass(WebappClassLoaderBase.java:1119)
	at com.mysql.cj.jdbc.result.ResultSetImpl.getMetaData(ResultSetImpl.java:1102)
	at org.eclipse.persistence.internal.databaseaccess.DatabaseAccessor.processResultSet(DatabaseAccessor.java:725)
	at org.eclipse.persistence.internal.databaseaccess.DatabaseAccessor.basicExecuteCall(DatabaseAccessor.java:657)
	at org.eclipse.persistence.internal.databaseaccess.DatabaseAccessor.executeCall(DatabaseAccessor.java:560)
	at org.eclipse.persistence.internal.sessions.AbstractSession.basicExecuteCall(AbstractSession.java:2056)
	at org.eclipse.persistence.sessions.server.ServerSession.executeCall(ServerSession.java:570)
	at org.eclipse.persistence.internal.queries.DatasourceCallQueryMechanism.executeCall(DatasourceCallQueryMechanism.java:242)
	at org.eclipse.persistence.internal.queries.DatasourceCallQueryMechanism.executeCall(DatasourceCallQueryMechanism.java:228)
	at org.eclipse.persistence.internal.queries.DatasourceCallQueryMechanism.selectOneRow(DatasourceCallQueryMechanism.java:714)
	at org.eclipse.persistence.internal.queries.ExpressionQueryMechanism.selectOneRowFromTable(ExpressionQueryMechanism.java:2803)
	at org.eclipse.persistence.internal.queries.ExpressionQueryMechanism.selectOneRow(ExpressionQueryMechanism.java:2756)
	at org.eclipse.persistence.queries.ReadObjectQuery.executeObjectLevelReadQuery(ReadObjectQuery.java:555)
	at org.eclipse.persistence.queries.ObjectLevelReadQuery.executeDatabaseQuery(ObjectLevelReadQuery.java:1175)
	at org.eclipse.persistence.queries.DatabaseQuery.execute(DatabaseQuery.java:904)
	at org.eclipse.persistence.queries.ObjectLevelReadQuery.execute(ObjectLevelReadQuery.java:1134)
	at org.eclipse.persistence.queries.ReadObjectQuery.execute(ReadObjectQuery.java:441)
	at org.eclipse.persistence.queries.ObjectLevelReadQuery.executeInUnitOfWork(ObjectLevelReadQuery.java:1222)
	at org.eclipse.persistence.internal.sessions.UnitOfWorkImpl.internalExecuteQuery(UnitOfWorkImpl.java:2896)
	at org.eclipse.persistence.internal.sessions.AbstractSession.executeQuery(AbstractSession.java:1857)
	at org.eclipse.persistence.internal.sessions.AbstractSession.executeQuery(AbstractSession.java:1839)
	at org.eclipse.persistence.internal.sessions.AbstractSession.executeQuery(AbstractSession.java:1790)
	at org.eclipse.persistence.internal.jpa.EntityManagerImpl.executeQuery(EntityManagerImpl.java:911)
	at org.eclipse.persistence.internal.jpa.EntityManagerImpl.findInternal(EntityManagerImpl.java:854)
	at org.eclipse.persistence.internal.jpa.EntityManagerImpl.find(EntityManagerImpl.java:730)
	at org.eclipse.persistence.internal.jpa.EntityManagerImpl.find(EntityManagerImpl.java:599)
	at org.apache.openejb.persistence.JtaEntityManager.find(JtaEntityManager.java:224)
	at tut4you.model.Tut4YouApp.find(Tut4YouApp.java:323)
	at sun.reflect.NativeMethodAccessorImpl.invoke0(Native Method)
	at sun.reflect.NativeMethodAccessorImpl.invoke(NativeMethodAccessorImpl.java:62)
	at sun.reflect.DelegatingMethodAccessorImpl.invoke(DelegatingMethodAccessorImpl.java:43)
	at java.lang.reflect.Method.invoke(Method.java:498)
	at org.apache.openejb.core.interceptor.ReflectionInvocationContext$Invocation.invoke(ReflectionInvocationContext.java:205)
	at org.apache.openejb.core.interceptor.ReflectionInvocationContext.proceed(ReflectionInvocationContext.java:186)
	at org.apache.openejb.monitoring.StatsInterceptor.record(StatsInterceptor.java:181)
	at org.apache.openejb.monitoring.StatsInterceptor.invoke(StatsInterceptor.java:100)
	at sun.reflect.NativeMethodAccessorImpl.invoke0(Native Method)
	at sun.reflect.NativeMethodAccessorImpl.invoke(NativeMethodAccessorImpl.java:62)
	at sun.reflect.DelegatingMethodAccessorImpl.invoke(DelegatingMethodAccessorImpl.java:43)
	at java.lang.reflect.Method.invoke(Method.java:498)
	at org.apache.openejb.core.interceptor.ReflectionInvocationContext$Invocation.invoke(ReflectionInvocationContext.java:205)
	at org.apache.openejb.core.interceptor.ReflectionInvocationContext.proceed(ReflectionInvocationContext.java:186)
	at org.apache.openejb.core.interceptor.InterceptorStack.invoke(InterceptorStack.java:85)
	at org.apache.openejb.core.stateless.StatelessContainer._invoke(StatelessContainer.java:252)
	at org.apache.openejb.core.stateless.StatelessContainer.invoke(StatelessContainer.java:212)
	at org.apache.openejb.core.ivm.EjbObjectProxyHandler.synchronizedBusinessMethod(EjbObjectProxyHandler.java:265)
	at org.apache.openejb.core.ivm.EjbObjectProxyHandler.businessMethod(EjbObjectProxyHandler.java:260)
	at org.apache.openejb.core.ivm.EjbObjectProxyHandler._invoke(EjbObjectProxyHandler.java:89)
	at org.apache.openejb.core.ivm.BaseEjbProxyHandler.invoke(BaseEjbProxyHandler.java:347)
	at tut4you.model.Tut4YouApp$$LocalBeanProxy.find(tut4you/model/Tut4YouApp.java)
	at tut4you.controller.UserBean.isStudentAuthenticated(UserBean.java:81)
	at tut4you.controller.UserBean$$OwbNormalScopeProxy0.isStudentAuthenticated(tut4you/controller/UserBean.java)
	at sun.reflect.NativeMethodAccessorImpl.invoke0(Native Method)
	at sun.reflect.NativeMethodAccessorImpl.invoke(NativeMethodAccessorImpl.java:62)
	at sun.reflect.DelegatingMethodAccessorImpl.invoke(DelegatingMethodAccessorImpl.java:43)
	at java.lang.reflect.Method.invoke(Method.java:498)
	at javax.el.BeanELResolver.getValue(BeanELResolver.java:94)
	at com.sun.faces.el.DemuxCompositeELResolver._getValue(DemuxCompositeELResolver.java:176)
	at com.sun.faces.el.DemuxCompositeELResolver.getValue(DemuxCompositeELResolver.java:203)
	at org.apache.el.parser.AstValue.getValue(AstValue.java:169)
	at org.apache.el.ValueExpressionImpl.getValue(ValueExpressionImpl.java:184)
	at org.apache.webbeans.el22.WrappedValueExpression.getValue(WrappedValueExpression.java:70)
	at com.sun.faces.facelets.el.TagValueExpression.getValue(TagValueExpression.java:109)
	at com.sun.faces.facelets.tag.TagAttributeImpl.getObject(TagAttributeImpl.java:356)
	at com.sun.faces.facelets.tag.TagAttributeImpl.getBoolean(TagAttributeImpl.java:150)
	at com.sun.faces.facelets.tag.jstl.core.ChooseWhenHandler.isTestTrue(ChooseWhenHandler.java:87)
	at com.sun.faces.facelets.tag.jstl.core.ChooseHandler.apply(ChooseHandler.java:104)
	at javax.faces.view.facelets.CompositeFaceletHandler.apply(CompositeFaceletHandler.java:95)
	at javax.faces.view.facelets.DelegatingMetaTagHandler.applyNextHandler(DelegatingMetaTagHandler.java:137)
	at com.sun.faces.facelets.tag.jsf.ComponentTagHandlerDelegateImpl.apply(ComponentTagHandlerDelegateImpl.java:202)
	at javax.faces.view.facelets.DelegatingMetaTagHandler.apply(DelegatingMetaTagHandler.java:120)
	at javax.faces.view.facelets.CompositeFaceletHandler.apply(CompositeFaceletHandler.java:95)
	at javax.faces.view.facelets.DelegatingMetaTagHandler.applyNextHandler(DelegatingMetaTagHandler.java:137)
	at com.sun.faces.facelets.tag.jsf.ComponentTagHandlerDelegateImpl.apply(ComponentTagHandlerDelegateImpl.java:202)
	at javax.faces.view.facelets.DelegatingMetaTagHandler.apply(DelegatingMetaTagHandler.java:120)
	at com.sun.faces.facelets.tag.ui.CompositionHandler.apply(CompositionHandler.java:194)
	at com.sun.faces.facelets.compiler.NamespaceHandler.apply(NamespaceHandler.java:93)
	at com.sun.faces.facelets.compiler.EncodingHandler.apply(EncodingHandler.java:87)
	at com.sun.faces.facelets.impl.DefaultFacelet.include(DefaultFacelet.java:312)
	at com.sun.faces.facelets.impl.DefaultFacelet.include(DefaultFacelet.java:371)
	at com.sun.faces.facelets.impl.DefaultFacelet.include(DefaultFacelet.java:350)
	at com.sun.faces.facelets.impl.DefaultFaceletContext.includeFacelet(DefaultFaceletContext.java:199)
	at com.sun.faces.facelets.tag.ui.IncludeHandler.apply(IncludeHandler.java:124)
	at com.sun.faces.facelets.tag.ui.InsertHandler.apply(InsertHandler.java:116)
	at javax.faces.view.facelets.CompositeFaceletHandler.apply(CompositeFaceletHandler.java:95)
	at javax.faces.view.facelets.DelegatingMetaTagHandler.applyNextHandler(DelegatingMetaTagHandler.java:137)
	at com.sun.faces.facelets.tag.jsf.ComponentTagHandlerDelegateImpl.apply(ComponentTagHandlerDelegateImpl.java:202)
	at javax.faces.view.facelets.DelegatingMetaTagHandler.apply(DelegatingMetaTagHandler.java:120)
	at javax.faces.view.facelets.CompositeFaceletHandler.apply(CompositeFaceletHandler.java:95)
	at com.sun.faces.facelets.compiler.NamespaceHandler.apply(NamespaceHandler.java:93)
	at com.sun.faces.facelets.compiler.EncodingHandler.apply(EncodingHandler.java:87)
	at com.sun.faces.facelets.impl.DefaultFacelet.include(DefaultFacelet.java:312)
	at com.sun.faces.facelets.impl.DefaultFacelet.include(DefaultFacelet.java:371)
	at com.sun.faces.facelets.impl.DefaultFacelet.include(DefaultFacelet.java:350)
	at com.sun.faces.facelets.impl.DefaultFaceletContext.includeFacelet(DefaultFaceletContext.java:199)
	at com.sun.faces.facelets.tag.ui.CompositionHandler.apply(CompositionHandler.java:174)
	at com.sun.faces.facelets.compiler.NamespaceHandler.apply(NamespaceHandler.java:93)
	at com.sun.faces.facelets.compiler.EncodingHandler.apply(EncodingHandler.java:87)
	at com.sun.faces.facelets.impl.DefaultFacelet.apply(DefaultFacelet.java:161)
	at com.sun.faces.application.view.FaceletViewHandlingStrategy.buildView(FaceletViewHandlingStrategy.java:1006)
	at com.sun.faces.lifecycle.RenderResponsePhase.execute(RenderResponsePhase.java:99)
	at com.sun.faces.lifecycle.Phase.doPhase(Phase.java:101)
	at com.sun.faces.lifecycle.LifecycleImpl.render(LifecycleImpl.java:219)
	at javax.faces.webapp.FacesServlet.service(FacesServlet.java:659)
	at org.apache.catalina.core.ApplicationFilterChain.internalDoFilter(ApplicationFilterChain.java:231)
	at org.apache.catalina.core.ApplicationFilterChain.doFilter(ApplicationFilterChain.java:166)
	at org.apache.tomcat.websocket.server.WsFilter.doFilter(WsFilter.java:52)
	at org.apache.catalina.core.ApplicationFilterChain.internalDoFilter(ApplicationFilterChain.java:193)
	at org.apache.catalina.core.ApplicationFilterChain.doFilter(ApplicationFilterChain.java:166)
	at org.apache.openejb.server.httpd.EEFilter.doFilter(EEFilter.java:65)
	at org.apache.catalina.core.ApplicationFilterChain.internalDoFilter(ApplicationFilterChain.java:193)
	at org.apache.catalina.core.ApplicationFilterChain.doFilter(ApplicationFilterChain.java:166)
	at org.apache.catalina.core.StandardWrapperValve.invoke(StandardWrapperValve.java:198)
	at org.apache.catalina.core.StandardContextValve.invoke(StandardContextValve.java:96)
	at org.apache.tomee.catalina.OpenEJBValve.invoke(OpenEJBValve.java:44)
	at org.apache.catalina.authenticator.AuthenticatorBase.invoke(AuthenticatorBase.java:595)
	at org.apache.catalina.core.StandardHostValve.invoke(StandardHostValve.java:140)
	at org.apache.catalina.valves.ErrorReportValve.invoke(ErrorReportValve.java:80)
	at org.apache.tomee.catalina.OpenEJBSecurityListener$RequestCapturer.invoke(OpenEJBSecurityListener.java:97)
	at org.apache.catalina.valves.AbstractAccessLogValve.invoke(AbstractAccessLogValve.java:650)
	at org.apache.catalina.core.StandardEngineValve.invoke(StandardEngineValve.java:87)
	at org.apache.catalina.connector.CoyoteAdapter.service(CoyoteAdapter.java:342)
	at org.apache.coyote.http11.Http11Processor.service(Http11Processor.java:799)
	at org.apache.coyote.AbstractProcessorLight.process(AbstractProcessorLight.java:66)
	at org.apache.coyote.AbstractProtocol$ConnectionHandler.process(AbstractProtocol.java:868)
	at org.apache.tomcat.util.net.NioEndpoint$SocketProcessor.doRun(NioEndpoint.java:1457)
	at org.apache.tomcat.util.net.SocketProcessorBase.run(SocketProcessorBase.java:49)
	at java.util.concurrent.ThreadPoolExecutor.runWorker(ThreadPoolExecutor.java:1149)
	at java.util.concurrent.ThreadPoolExecutor$Worker.run(ThreadPoolExecutor.java:624)
	at org.apache.tomcat.util.threads.TaskThread$WrappingRunnable.run(TaskThread.java:61)
	at java.lang.Thread.run(Thread.java:748)

13-Feb-2018 14:09:52.444 SEVERE [http-nio-8080-exec-9] org.apache.catalina.core.ApplicationDispatcher.invoke Servlet.service() for servlet [Faces Servlet] threw exception
 java.lang.NoClassDefFoundError: com/mysql/cj/jdbc/result/ResultSetMetaData
	at com.mysql.cj.jdbc.result.ResultSetImpl.getMetaData(ResultSetImpl.java:1102)
	at org.eclipse.persistence.internal.databaseaccess.DatabaseAccessor.processResultSet(DatabaseAccessor.java:725)
	at org.eclipse.persistence.internal.databaseaccess.DatabaseAccessor.basicExecuteCall(DatabaseAccessor.java:657)
	at org.eclipse.persistence.internal.databaseaccess.DatabaseAccessor.executeCall(DatabaseAccessor.java:560)
	at org.eclipse.persistence.internal.sessions.AbstractSession.basicExecuteCall(AbstractSession.java:2056)
	at org.eclipse.persistence.sessions.server.ServerSession.executeCall(ServerSession.java:570)
	at org.eclipse.persistence.internal.queries.DatasourceCallQueryMechanism.executeCall(DatasourceCallQueryMechanism.java:242)
	at org.eclipse.persistence.internal.queries.DatasourceCallQueryMechanism.executeCall(DatasourceCallQueryMechanism.java:228)
	at org.eclipse.persistence.internal.queries.DatasourceCallQueryMechanism.selectOneRow(DatasourceCallQueryMechanism.java:714)
	at org.eclipse.persistence.internal.queries.ExpressionQueryMechanism.selectOneRowFromTable(ExpressionQueryMechanism.java:2803)
	at org.eclipse.persistence.internal.queries.ExpressionQueryMechanism.selectOneRow(ExpressionQueryMechanism.java:2756)
	at org.eclipse.persistence.queries.ReadObjectQuery.executeObjectLevelReadQuery(ReadObjectQuery.java:555)
	at org.eclipse.persistence.queries.ObjectLevelReadQuery.executeDatabaseQuery(ObjectLevelReadQuery.java:1175)
	at org.eclipse.persistence.queries.DatabaseQuery.execute(DatabaseQuery.java:904)
	at org.eclipse.persistence.queries.ObjectLevelReadQuery.execute(ObjectLevelReadQuery.java:1134)
	at org.eclipse.persistence.queries.ReadObjectQuery.execute(ReadObjectQuery.java:441)
	at org.eclipse.persistence.queries.ObjectLevelReadQuery.executeInUnitOfWork(ObjectLevelReadQuery.java:1222)
	at org.eclipse.persistence.internal.sessions.UnitOfWorkImpl.internalExecuteQuery(UnitOfWorkImpl.java:2896)
	at org.eclipse.persistence.internal.sessions.AbstractSession.executeQuery(AbstractSession.java:1857)
	at org.eclipse.persistence.internal.sessions.AbstractSession.executeQuery(AbstractSession.java:1839)
	at org.eclipse.persistence.internal.sessions.AbstractSession.executeQuery(AbstractSession.java:1790)
	at org.eclipse.persistence.internal.jpa.EntityManagerImpl.executeQuery(EntityManagerImpl.java:911)
	at org.eclipse.persistence.internal.jpa.EntityManagerImpl.findInternal(EntityManagerImpl.java:854)
	at org.eclipse.persistence.internal.jpa.EntityManagerImpl.find(EntityManagerImpl.java:730)
	at org.eclipse.persistence.internal.jpa.EntityManagerImpl.find(EntityManagerImpl.java:599)
	at org.apache.openejb.persistence.JtaEntityManager.find(JtaEntityManager.java:224)
	at tut4you.model.Tut4YouApp.find(Tut4YouApp.java:323)
	at sun.reflect.NativeMethodAccessorImpl.invoke0(Native Method)
	at sun.reflect.NativeMethodAccessorImpl.invoke(NativeMethodAccessorImpl.java:62)
	at sun.reflect.DelegatingMethodAccessorImpl.invoke(DelegatingMethodAccessorImpl.java:43)
	at java.lang.reflect.Method.invoke(Method.java:498)
	at org.apache.openejb.core.interceptor.ReflectionInvocationContext$Invocation.invoke(ReflectionInvocationContext.java:205)
	at org.apache.openejb.core.interceptor.ReflectionInvocationContext.proceed(ReflectionInvocationContext.java:186)
	at org.apache.openejb.monitoring.StatsInterceptor.record(StatsInterceptor.java:181)
	at org.apache.openejb.monitoring.StatsInterceptor.invoke(StatsInterceptor.java:100)
	at sun.reflect.NativeMethodAccessorImpl.invoke0(Native Method)
	at sun.reflect.NativeMethodAccessorImpl.invoke(NativeMethodAccessorImpl.java:62)
	at sun.reflect.DelegatingMethodAccessorImpl.invoke(DelegatingMethodAccessorImpl.java:43)
	at java.lang.reflect.Method.invoke(Method.java:498)
	at org.apache.openejb.core.interceptor.ReflectionInvocationContext$Invocation.invoke(ReflectionInvocationContext.java:205)
	at org.apache.openejb.core.interceptor.ReflectionInvocationContext.proceed(ReflectionInvocationContext.java:186)
	at org.apache.openejb.core.interceptor.InterceptorStack.invoke(InterceptorStack.java:85)
	at org.apache.openejb.core.stateless.StatelessContainer._invoke(StatelessContainer.java:252)
	at org.apache.openejb.core.stateless.StatelessContainer.invoke(StatelessContainer.java:212)
	at org.apache.openejb.core.ivm.EjbObjectProxyHandler.synchronizedBusinessMethod(EjbObjectProxyHandler.java:265)
	at org.apache.openejb.core.ivm.EjbObjectProxyHandler.businessMethod(EjbObjectProxyHandler.java:260)
	at org.apache.openejb.core.ivm.EjbObjectProxyHandler._invoke(EjbObjectProxyHandler.java:89)
	at org.apache.openejb.core.ivm.BaseEjbProxyHandler.invoke(BaseEjbProxyHandler.java:347)
	at tut4you.model.Tut4YouApp$$LocalBeanProxy.find(tut4you/model/Tut4YouApp.java)
	at tut4you.controller.UserBean.isStudentAuthenticated(UserBean.java:81)
	at tut4you.controller.UserBean$$OwbNormalScopeProxy0.isStudentAuthenticated(tut4you/controller/UserBean.java)
	at sun.reflect.NativeMethodAccessorImpl.invoke0(Native Method)
	at sun.reflect.NativeMethodAccessorImpl.invoke(NativeMethodAccessorImpl.java:62)
	at sun.reflect.DelegatingMethodAccessorImpl.invoke(DelegatingMethodAccessorImpl.java:43)
	at java.lang.reflect.Method.invoke(Method.java:498)
	at javax.el.BeanELResolver.getValue(BeanELResolver.java:94)
	at com.sun.faces.el.DemuxCompositeELResolver._getValue(DemuxCompositeELResolver.java:176)
	at com.sun.faces.el.DemuxCompositeELResolver.getValue(DemuxCompositeELResolver.java:203)
	at org.apache.el.parser.AstValue.getValue(AstValue.java:169)
	at org.apache.el.ValueExpressionImpl.getValue(ValueExpressionImpl.java:184)
	at org.apache.webbeans.el22.WrappedValueExpression.getValue(WrappedValueExpression.java:70)
	at com.sun.faces.facelets.el.TagValueExpression.getValue(TagValueExpression.java:109)
	at com.sun.faces.facelets.tag.TagAttributeImpl.getObject(TagAttributeImpl.java:356)
	at com.sun.faces.facelets.tag.TagAttributeImpl.getBoolean(TagAttributeImpl.java:150)
	at com.sun.faces.facelets.tag.jstl.core.ChooseWhenHandler.isTestTrue(ChooseWhenHandler.java:87)
	at com.sun.faces.facelets.tag.jstl.core.ChooseHandler.apply(ChooseHandler.java:104)
	at javax.faces.view.facelets.CompositeFaceletHandler.apply(CompositeFaceletHandler.java:95)
	at javax.faces.view.facelets.DelegatingMetaTagHandler.applyNextHandler(DelegatingMetaTagHandler.java:137)
	at com.sun.faces.facelets.tag.jsf.ComponentTagHandlerDelegateImpl.apply(ComponentTagHandlerDelegateImpl.java:202)
	at javax.faces.view.facelets.DelegatingMetaTagHandler.apply(DelegatingMetaTagHandler.java:120)
	at javax.faces.view.facelets.CompositeFaceletHandler.apply(CompositeFaceletHandler.java:95)
	at javax.faces.view.facelets.DelegatingMetaTagHandler.applyNextHandler(DelegatingMetaTagHandler.java:137)
	at com.sun.faces.facelets.tag.jsf.ComponentTagHandlerDelegateImpl.apply(ComponentTagHandlerDelegateImpl.java:202)
	at javax.faces.view.facelets.DelegatingMetaTagHandler.apply(DelegatingMetaTagHandler.java:120)
	at com.sun.faces.facelets.tag.ui.CompositionHandler.apply(CompositionHandler.java:194)
	at com.sun.faces.facelets.compiler.NamespaceHandler.apply(NamespaceHandler.java:93)
	at com.sun.faces.facelets.compiler.EncodingHandler.apply(EncodingHandler.java:87)
	at com.sun.faces.facelets.impl.DefaultFacelet.include(DefaultFacelet.java:312)
	at com.sun.faces.facelets.impl.DefaultFacelet.include(DefaultFacelet.java:371)
	at com.sun.faces.facelets.impl.DefaultFacelet.include(DefaultFacelet.java:350)
	at com.sun.faces.facelets.impl.DefaultFaceletContext.includeFacelet(DefaultFaceletContext.java:199)
	at com.sun.faces.facelets.tag.ui.IncludeHandler.apply(IncludeHandler.java:124)
	at com.sun.faces.facelets.tag.ui.InsertHandler.apply(InsertHandler.java:116)
	at javax.faces.view.facelets.CompositeFaceletHandler.apply(CompositeFaceletHandler.java:95)
	at javax.faces.view.facelets.DelegatingMetaTagHandler.applyNextHandler(DelegatingMetaTagHandler.java:137)
	at com.sun.faces.facelets.tag.jsf.ComponentTagHandlerDelegateImpl.apply(ComponentTagHandlerDelegateImpl.java:202)
	at javax.faces.view.facelets.DelegatingMetaTagHandler.apply(DelegatingMetaTagHandler.java:120)
	at javax.faces.view.facelets.CompositeFaceletHandler.apply(CompositeFaceletHandler.java:95)
	at com.sun.faces.facelets.compiler.NamespaceHandler.apply(NamespaceHandler.java:93)
	at com.sun.faces.facelets.compiler.EncodingHandler.apply(EncodingHandler.java:87)
	at com.sun.faces.facelets.impl.DefaultFacelet.include(DefaultFacelet.java:312)
	at com.sun.faces.facelets.impl.DefaultFacelet.include(DefaultFacelet.java:371)
	at com.sun.faces.facelets.impl.DefaultFacelet.include(DefaultFacelet.java:350)
	at com.sun.faces.facelets.impl.DefaultFaceletContext.includeFacelet(DefaultFaceletContext.java:199)
	at com.sun.faces.facelets.tag.ui.CompositionHandler.apply(CompositionHandler.java:174)
	at com.sun.faces.facelets.compiler.NamespaceHandler.apply(NamespaceHandler.java:93)
	at com.sun.faces.facelets.compiler.EncodingHandler.apply(EncodingHandler.java:87)
	at com.sun.faces.facelets.impl.DefaultFacelet.apply(DefaultFacelet.java:161)
	at com.sun.faces.application.view.FaceletViewHandlingStrategy.buildView(FaceletViewHandlingStrategy.java:1006)
	at com.sun.faces.lifecycle.RenderResponsePhase.execute(RenderResponsePhase.java:99)
	at com.sun.faces.lifecycle.Phase.doPhase(Phase.java:101)
	at com.sun.faces.lifecycle.LifecycleImpl.render(LifecycleImpl.java:219)
	at javax.faces.webapp.FacesServlet.service(FacesServlet.java:659)
	at org.apache.catalina.core.ApplicationFilterChain.internalDoFilter(ApplicationFilterChain.java:231)
	at org.apache.catalina.core.ApplicationFilterChain.doFilter(ApplicationFilterChain.java:166)
	at org.apache.catalina.core.ApplicationDispatcher.invoke(ApplicationDispatcher.java:728)
	at org.apache.catalina.core.ApplicationDispatcher.processRequest(ApplicationDispatcher.java:469)
	at org.apache.catalina.core.ApplicationDispatcher.doForward(ApplicationDispatcher.java:392)
	at org.apache.catalina.core.ApplicationDispatcher.forward(ApplicationDispatcher.java:311)
	at org.apache.catalina.core.StandardHostValve.custom(StandardHostValve.java:395)
	at org.apache.catalina.core.StandardHostValve.throwable(StandardHostValve.java:332)
	at org.apache.catalina.core.StandardHostValve.invoke(StandardHostValve.java:175)
	at org.apache.catalina.valves.ErrorReportValve.invoke(ErrorReportValve.java:80)
	at org.apache.tomee.catalina.OpenEJBSecurityListener$RequestCapturer.invoke(OpenEJBSecurityListener.java:97)
	at org.apache.catalina.valves.AbstractAccessLogValve.invoke(AbstractAccessLogValve.java:650)
	at org.apache.catalina.core.StandardEngineValve.invoke(StandardEngineValve.java:87)
	at org.apache.catalina.connector.CoyoteAdapter.service(CoyoteAdapter.java:342)
	at org.apache.coyote.http11.Http11Processor.service(Http11Processor.java:799)
	at org.apache.coyote.AbstractProcessorLight.process(AbstractProcessorLight.java:66)
	at org.apache.coyote.AbstractProtocol$ConnectionHandler.process(AbstractProtocol.java:868)
	at org.apache.tomcat.util.net.NioEndpoint$SocketProcessor.doRun(NioEndpoint.java:1457)
	at org.apache.tomcat.util.net.SocketProcessorBase.run(SocketProcessorBase.java:49)
	at java.util.concurrent.ThreadPoolExecutor.runWorker(ThreadPoolExecutor.java:1149)
	at java.util.concurrent.ThreadPoolExecutor$Worker.run(ThreadPoolExecutor.java:624)
	at org.apache.tomcat.util.threads.TaskThread$WrappingRunnable.run(TaskThread.java:61)
	at java.lang.Thread.run(Thread.java:748)

13-Feb-2018 14:09:52.444 SEVERE [http-nio-8080-exec-9] org.apache.catalina.core.StandardHostValve.custom Exception Processing ErrorPage[exceptionType=java.lang.Exception, location=/errors/internal.xhtml?exception=true]
 javax.servlet.ServletException: /WEB-INF/templates/header.xhtml @13,69 test="#{userBean.studentAuthenticated}" /WEB-INF/templates/header.xhtml @13,69 test="#{userBean.studentAuthenticated}": Error reading [studentAuthenticated] on type [tut4you.controller.UserBean$$OwbNormalScopeProxy0]
	at javax.faces.webapp.FacesServlet.service(FacesServlet.java:671)
	at org.apache.catalina.core.ApplicationFilterChain.internalDoFilter(ApplicationFilterChain.java:231)
	at org.apache.catalina.core.ApplicationFilterChain.doFilter(ApplicationFilterChain.java:166)
	at org.apache.catalina.core.ApplicationDispatcher.invoke(ApplicationDispatcher.java:728)
	at org.apache.catalina.core.ApplicationDispatcher.processRequest(ApplicationDispatcher.java:469)
	at org.apache.catalina.core.ApplicationDispatcher.doForward(ApplicationDispatcher.java:392)
	at org.apache.catalina.core.ApplicationDispatcher.forward(ApplicationDispatcher.java:311)
	at org.apache.catalina.core.StandardHostValve.custom(StandardHostValve.java:395)
	at org.apache.catalina.core.StandardHostValve.throwable(StandardHostValve.java:332)
	at org.apache.catalina.core.StandardHostValve.invoke(StandardHostValve.java:175)
	at org.apache.catalina.valves.ErrorReportValve.invoke(ErrorReportValve.java:80)
	at org.apache.tomee.catalina.OpenEJBSecurityListener$RequestCapturer.invoke(OpenEJBSecurityListener.java:97)
	at org.apache.catalina.valves.AbstractAccessLogValve.invoke(AbstractAccessLogValve.java:650)
	at org.apache.catalina.core.StandardEngineValve.invoke(StandardEngineValve.java:87)
	at org.apache.catalina.connector.CoyoteAdapter.service(CoyoteAdapter.java:342)
	at org.apache.coyote.http11.Http11Processor.service(Http11Processor.java:799)
	at org.apache.coyote.AbstractProcessorLight.process(AbstractProcessorLight.java:66)
	at org.apache.coyote.AbstractProtocol$ConnectionHandler.process(AbstractProtocol.java:868)
	at org.apache.tomcat.util.net.NioEndpoint$SocketProcessor.doRun(NioEndpoint.java:1457)
	at org.apache.tomcat.util.net.SocketProcessorBase.run(SocketProcessorBase.java:49)
	at java.util.concurrent.ThreadPoolExecutor.runWorker(ThreadPoolExecutor.java:1149)
	at java.util.concurrent.ThreadPoolExecutor$Worker.run(ThreadPoolExecutor.java:624)
	at org.apache.tomcat.util.threads.TaskThread$WrappingRunnable.run(TaskThread.java:61)
	at java.lang.Thread.run(Thread.java:748)
Caused by: javax.faces.view.facelets.TagAttributeException: /WEB-INF/templates/header.xhtml @13,69 test="#{userBean.studentAuthenticated}" /WEB-INF/templates/header.xhtml @13,69 test="#{userBean.studentAuthenticated}": Error reading [studentAuthenticated] on type [tut4you.controller.UserBean$$OwbNormalScopeProxy0]
	at com.sun.faces.facelets.tag.TagAttributeImpl.getObject(TagAttributeImpl.java:358)
	at com.sun.faces.facelets.tag.TagAttributeImpl.getBoolean(TagAttributeImpl.java:150)
	at com.sun.faces.facelets.tag.jstl.core.ChooseWhenHandler.isTestTrue(ChooseWhenHandler.java:87)
	at com.sun.faces.facelets.tag.jstl.core.ChooseHandler.apply(ChooseHandler.java:104)
	at javax.faces.view.facelets.CompositeFaceletHandler.apply(CompositeFaceletHandler.java:95)
	at javax.faces.view.facelets.DelegatingMetaTagHandler.applyNextHandler(DelegatingMetaTagHandler.java:137)
	at com.sun.faces.facelets.tag.jsf.ComponentTagHandlerDelegateImpl.apply(ComponentTagHandlerDelegateImpl.java:202)
	at javax.faces.view.facelets.DelegatingMetaTagHandler.apply(DelegatingMetaTagHandler.java:120)
	at javax.faces.view.facelets.CompositeFaceletHandler.apply(CompositeFaceletHandler.java:95)
	at javax.faces.view.facelets.DelegatingMetaTagHandler.applyNextHandler(DelegatingMetaTagHandler.java:137)
	at com.sun.faces.facelets.tag.jsf.ComponentTagHandlerDelegateImpl.apply(ComponentTagHandlerDelegateImpl.java:202)
	at javax.faces.view.facelets.DelegatingMetaTagHandler.apply(DelegatingMetaTagHandler.java:120)
	at com.sun.faces.facelets.tag.ui.CompositionHandler.apply(CompositionHandler.java:194)
	at com.sun.faces.facelets.compiler.NamespaceHandler.apply(NamespaceHandler.java:93)
	at com.sun.faces.facelets.compiler.EncodingHandler.apply(EncodingHandler.java:87)
	at com.sun.faces.facelets.impl.DefaultFacelet.include(DefaultFacelet.java:312)
	at com.sun.faces.facelets.impl.DefaultFacelet.include(DefaultFacelet.java:371)
	at com.sun.faces.facelets.impl.DefaultFacelet.include(DefaultFacelet.java:350)
	at com.sun.faces.facelets.impl.DefaultFaceletContext.includeFacelet(DefaultFaceletContext.java:199)
	at com.sun.faces.facelets.tag.ui.IncludeHandler.apply(IncludeHandler.java:124)
	at com.sun.faces.facelets.tag.ui.InsertHandler.apply(InsertHandler.java:116)
	at javax.faces.view.facelets.CompositeFaceletHandler.apply(CompositeFaceletHandler.java:95)
	at javax.faces.view.facelets.DelegatingMetaTagHandler.applyNextHandler(DelegatingMetaTagHandler.java:137)
	at com.sun.faces.facelets.tag.jsf.ComponentTagHandlerDelegateImpl.apply(ComponentTagHandlerDelegateImpl.java:202)
	at javax.faces.view.facelets.DelegatingMetaTagHandler.apply(DelegatingMetaTagHandler.java:120)
	at javax.faces.view.facelets.CompositeFaceletHandler.apply(CompositeFaceletHandler.java:95)
	at com.sun.faces.facelets.compiler.NamespaceHandler.apply(NamespaceHandler.java:93)
	at com.sun.faces.facelets.compiler.EncodingHandler.apply(EncodingHandler.java:87)
	at com.sun.faces.facelets.impl.DefaultFacelet.include(DefaultFacelet.java:312)
	at com.sun.faces.facelets.impl.DefaultFacelet.include(DefaultFacelet.java:371)
	at com.sun.faces.facelets.impl.DefaultFacelet.include(DefaultFacelet.java:350)
	at com.sun.faces.facelets.impl.DefaultFaceletContext.includeFacelet(DefaultFaceletContext.java:199)
	at com.sun.faces.facelets.tag.ui.CompositionHandler.apply(CompositionHandler.java:174)
	at com.sun.faces.facelets.compiler.NamespaceHandler.apply(NamespaceHandler.java:93)
	at com.sun.faces.facelets.compiler.EncodingHandler.apply(EncodingHandler.java:87)
	at com.sun.faces.facelets.impl.DefaultFacelet.apply(DefaultFacelet.java:161)
	at com.sun.faces.application.view.FaceletViewHandlingStrategy.buildView(FaceletViewHandlingStrategy.java:1006)
	at com.sun.faces.lifecycle.RenderResponsePhase.execute(RenderResponsePhase.java:99)
	at com.sun.faces.lifecycle.Phase.doPhase(Phase.java:101)
	at com.sun.faces.lifecycle.LifecycleImpl.render(LifecycleImpl.java:219)
	at javax.faces.webapp.FacesServlet.service(FacesServlet.java:659)
	... 23 more
Caused by: javax.el.ELException: /WEB-INF/templates/header.xhtml @13,69 test="#{userBean.studentAuthenticated}": Error reading [studentAuthenticated] on type [tut4you.controller.UserBean$$OwbNormalScopeProxy0]
	at com.sun.faces.facelets.el.TagValueExpression.getValue(TagValueExpression.java:114)
	at com.sun.faces.facelets.tag.TagAttributeImpl.getObject(TagAttributeImpl.java:356)
	... 63 more
Caused by: javax.el.ELException: Error reading [studentAuthenticated] on type [tut4you.controller.UserBean$$OwbNormalScopeProxy0]
	at javax.el.BeanELResolver.getValue(BeanELResolver.java:98)
	at com.sun.faces.el.DemuxCompositeELResolver._getValue(DemuxCompositeELResolver.java:176)
	at com.sun.faces.el.DemuxCompositeELResolver.getValue(DemuxCompositeELResolver.java:203)
	at org.apache.el.parser.AstValue.getValue(AstValue.java:169)
	at org.apache.el.ValueExpressionImpl.getValue(ValueExpressionImpl.java:184)
	at org.apache.webbeans.el22.WrappedValueExpression.getValue(WrappedValueExpression.java:70)
	at com.sun.faces.facelets.el.TagValueExpression.getValue(TagValueExpression.java:109)
	... 64 more
Caused by: javax.ejb.EJBException: The bean encountered a non-application exception; nested exception is: 
	java.lang.NoClassDefFoundError: com/mysql/cj/jdbc/result/ResultSetMetaData
	at org.apache.openejb.core.ivm.BaseEjbProxyHandler.convertException(BaseEjbProxyHandler.java:447)
	at org.apache.openejb.core.ivm.BaseEjbProxyHandler.invoke(BaseEjbProxyHandler.java:351)
	at tut4you.model.Tut4YouApp$$LocalBeanProxy.find(tut4you/model/Tut4YouApp.java)
	at tut4you.controller.UserBean.isStudentAuthenticated(UserBean.java:81)
	at tut4you.controller.UserBean$$OwbNormalScopeProxy0.isStudentAuthenticated(tut4you/controller/UserBean.java)
	at sun.reflect.NativeMethodAccessorImpl.invoke0(Native Method)
	at sun.reflect.NativeMethodAccessorImpl.invoke(NativeMethodAccessorImpl.java:62)
	at sun.reflect.DelegatingMethodAccessorImpl.invoke(DelegatingMethodAccessorImpl.java:43)
	at java.lang.reflect.Method.invoke(Method.java:498)
	at javax.el.BeanELResolver.getValue(BeanELResolver.java:94)
	... 70 more
Caused by: java.lang.NoClassDefFoundError: com/mysql/cj/jdbc/result/ResultSetMetaData
	at com.mysql.cj.jdbc.result.ResultSetImpl.getMetaData(ResultSetImpl.java:1102)
	at org.eclipse.persistence.internal.databaseaccess.DatabaseAccessor.processResultSet(DatabaseAccessor.java:725)
	at org.eclipse.persistence.internal.databaseaccess.DatabaseAccessor.basicExecuteCall(DatabaseAccessor.java:657)
	at org.eclipse.persistence.internal.databaseaccess.DatabaseAccessor.executeCall(DatabaseAccessor.java:560)
	at org.eclipse.persistence.internal.sessions.AbstractSession.basicExecuteCall(AbstractSession.java:2056)
	at org.eclipse.persistence.sessions.server.ServerSession.executeCall(ServerSession.java:570)
	at org.eclipse.persistence.internal.queries.DatasourceCallQueryMechanism.executeCall(DatasourceCallQueryMechanism.java:242)
	at org.eclipse.persistence.internal.queries.DatasourceCallQueryMechanism.executeCall(DatasourceCallQueryMechanism.java:228)
	at org.eclipse.persistence.internal.queries.DatasourceCallQueryMechanism.selectOneRow(DatasourceCallQueryMechanism.java:714)
	at org.eclipse.persistence.internal.queries.ExpressionQueryMechanism.selectOneRowFromTable(ExpressionQueryMechanism.java:2803)
	at org.eclipse.persistence.internal.queries.ExpressionQueryMechanism.selectOneRow(ExpressionQueryMechanism.java:2756)
	at org.eclipse.persistence.queries.ReadObjectQuery.executeObjectLevelReadQuery(ReadObjectQuery.java:555)
	at org.eclipse.persistence.queries.ObjectLevelReadQuery.executeDatabaseQuery(ObjectLevelReadQuery.java:1175)
	at org.eclipse.persistence.queries.DatabaseQuery.execute(DatabaseQuery.java:904)
	at org.eclipse.persistence.queries.ObjectLevelReadQuery.execute(ObjectLevelReadQuery.java:1134)
	at org.eclipse.persistence.queries.ReadObjectQuery.execute(ReadObjectQuery.java:441)
	at org.eclipse.persistence.queries.ObjectLevelReadQuery.executeInUnitOfWork(ObjectLevelReadQuery.java:1222)
	at org.eclipse.persistence.internal.sessions.UnitOfWorkImpl.internalExecuteQuery(UnitOfWorkImpl.java:2896)
	at org.eclipse.persistence.internal.sessions.AbstractSession.executeQuery(AbstractSession.java:1857)
	at org.eclipse.persistence.internal.sessions.AbstractSession.executeQuery(AbstractSession.java:1839)
	at org.eclipse.persistence.internal.sessions.AbstractSession.executeQuery(AbstractSession.java:1790)
	at org.eclipse.persistence.internal.jpa.EntityManagerImpl.executeQuery(EntityManagerImpl.java:911)
	at org.eclipse.persistence.internal.jpa.EntityManagerImpl.findInternal(EntityManagerImpl.java:854)
	at org.eclipse.persistence.internal.jpa.EntityManagerImpl.find(EntityManagerImpl.java:730)
	at org.eclipse.persistence.internal.jpa.EntityManagerImpl.find(EntityManagerImpl.java:599)
	at org.apache.openejb.persistence.JtaEntityManager.find(JtaEntityManager.java:224)
	at tut4you.model.Tut4YouApp.find(Tut4YouApp.java:323)
	at sun.reflect.NativeMethodAccessorImpl.invoke0(Native Method)
	at sun.reflect.NativeMethodAccessorImpl.invoke(NativeMethodAccessorImpl.java:62)
	at sun.reflect.DelegatingMethodAccessorImpl.invoke(DelegatingMethodAccessorImpl.java:43)
	at java.lang.reflect.Method.invoke(Method.java:498)
	at org.apache.openejb.core.interceptor.ReflectionInvocationContext$Invocation.invoke(ReflectionInvocationContext.java:205)
	at org.apache.openejb.core.interceptor.ReflectionInvocationContext.proceed(ReflectionInvocationContext.java:186)
	at org.apache.openejb.monitoring.StatsInterceptor.record(StatsInterceptor.java:181)
	at org.apache.openejb.monitoring.StatsInterceptor.invoke(StatsInterceptor.java:100)
	at sun.reflect.NativeMethodAccessorImpl.invoke0(Native Method)
	at sun.reflect.NativeMethodAccessorImpl.invoke(NativeMethodAccessorImpl.java:62)
	at sun.reflect.DelegatingMethodAccessorImpl.invoke(DelegatingMethodAccessorImpl.java:43)
	at java.lang.reflect.Method.invoke(Method.java:498)
	at org.apache.openejb.core.interceptor.ReflectionInvocationContext$Invocation.invoke(ReflectionInvocationContext.java:205)
	at org.apache.openejb.core.interceptor.ReflectionInvocationContext.proceed(ReflectionInvocationContext.java:186)
	at org.apache.openejb.core.interceptor.InterceptorStack.invoke(InterceptorStack.java:85)
	at org.apache.openejb.core.stateless.StatelessContainer._invoke(StatelessContainer.java:252)
	at org.apache.openejb.core.stateless.StatelessContainer.invoke(StatelessContainer.java:212)
	at org.apache.openejb.core.ivm.EjbObjectProxyHandler.synchronizedBusinessMethod(EjbObjectProxyHandler.java:265)
	at org.apache.openejb.core.ivm.EjbObjectProxyHandler.businessMethod(EjbObjectProxyHandler.java:260)
	at org.apache.openejb.core.ivm.EjbObjectProxyHandler._invoke(EjbObjectProxyHandler.java:89)
	at org.apache.openejb.core.ivm.BaseEjbProxyHandler.invoke(BaseEjbProxyHandler.java:347)
	... 78 more

